#
# There is insufficient memory for the Java Runtime Environment to continue.
# Native memory allocation (malloc) failed to allocate 1963472 bytes. Error detail: Chunk::new
# Possible reasons:
#   The system is out of physical RAM or swap space
#   This process is running with CompressedOops enabled, and the Java Heap may be blocking the growth of the native heap
# Possible solutions:
#   Reduce memory load on the system
#   Increase physical memory or swap space
#   Check if swap backing store is full
#   Decrease Java heap size (-Xmx/-Xms)
#   Decrease number of Java threads
#   Decrease Java thread stack sizes (-Xss)
#   Set larger code cache with -XX:ReservedCodeCacheSize=
#   JVM is running with Unscaled Compressed Oops mode in which the Java heap is
#     placed in the first 4GB address space. The Java Heap base address is the
#     maximum limit for the native heap growth. Please use -XX:HeapBaseMinAddress
#     to set the Java Heap base and to place the Java Heap above 4GB virtual address.
# This output file may be truncated or incomplete.
#
#  Out of Memory Error (arena.cpp:168), pid=13496, tid=8304
#
# JRE version: OpenJDK Runtime Environment Temurin-21.0.7+6 (21.0.7+6) (build 21.0.7+6-LTS)
# Java VM: OpenJDK 64-Bit Server VM Temurin-21.0.7+6 (21.0.7+6-LTS, mixed mode, sharing, tiered, compressed oops, compressed class ptrs, parallel gc, windows-amd64)
# No core dump will be written. Minidumps are not enabled by default on client versions of Windows
#

---------------  S U M M A R Y ------------

Command Line: --add-modules=ALL-SYSTEM --add-opens=java.base/java.util=ALL-UNNAMED --add-opens=java.base/java.lang=ALL-UNNAMED --add-opens=java.base/sun.nio.fs=ALL-UNNAMED -Declipse.application=org.eclipse.jdt.ls.core.id1 -Dosgi.bundles.defaultStartLevel=4 -Declipse.product=org.eclipse.jdt.ls.core.product -Djava.import.generatesMetadataFilesAtProjectRoot=false -DDetectVMInstallationsJob.disabled=true -Dfile.encoding=utf8 -XX:+UseParallelGC -XX:GCTimeRatio=4 -XX:AdaptiveSizePolicyWeight=90 -Dsun.zip.disableMemoryMapping=true -Xmx1G -Xms100m -Xlog:disable -javaagent:c:\Users\psclr\.vscode\extensions\redhat.java-1.42.0-win32-x64\lombok\lombok-1.18.36.jar -XX:+HeapDumpOnOutOfMemoryError -XX:HeapDumpPath=c:\Users\psclr\AppData\Roaming\Code\User\workspaceStorage\30bef5088c7402914bde6299ce54c917\redhat.java -Daether.dependencyCollector.impl=bf c:\Users\psclr\.vscode\extensions\redhat.java-1.42.0-win32-x64\server\plugins\org.eclipse.equinox.launcher_1.7.0.v20250424-1814.jar -configuration c:\Users\psclr\AppData\Roaming\Code\User\globalStorage\redhat.java\1.42.0\config_win -data c:\Users\psclr\AppData\Roaming\Code\User\workspaceStorage\30bef5088c7402914bde6299ce54c917\redhat.java\jdt_ws --pipe=\\.\pipe\lsp-cbb327deb099ccd37601e56accb67c62-sock

Host: 11th Gen Intel(R) Core(TM) i5-1135G7 @ 2.40GHz, 8 cores, 11G,  Windows 11 , 64 bit Build 26100 (10.0.26100.3912)
Time: Sat May 24 11:04:39 2025 Hora de Verão de GMT elapsed time: 32.476929 seconds (0d 0h 0m 32s)

---------------  T H R E A D  ---------------

Current thread (0x0000020c97af1140):  JavaThread "C2 CompilerThread0" daemon [_thread_in_native, id=8304, stack(0x0000007fef400000,0x0000007fef500000) (1024K)]


Current CompileTask:
C2:32477 11035 %     4       java.util.Properties::load0 @ 29 (249 bytes)

Stack: [0x0000007fef400000,0x0000007fef500000]
Native frames: (J=compiled Java code, j=interpreted, Vv=VM code, C=native code)
V  [jvm.dll+0x6ce119]
V  [jvm.dll+0x8a84a1]
V  [jvm.dll+0x8aa9ce]
V  [jvm.dll+0x8ab0b3]
V  [jvm.dll+0x27f8a6]
V  [jvm.dll+0xc507d]
V  [jvm.dll+0xc55b3]
V  [jvm.dll+0x3b692c]
V  [jvm.dll+0x1dfe33]
V  [jvm.dll+0x247c42]
V  [jvm.dll+0x2470cf]
V  [jvm.dll+0x1c760e]
V  [jvm.dll+0x25695a]
V  [jvm.dll+0x254efa]
V  [jvm.dll+0x3f03f6]
V  [jvm.dll+0x851f6b]
V  [jvm.dll+0x6cc7dd]
C  [ucrtbase.dll+0x37b0]
C  [KERNEL32.DLL+0x2e8d7]
C  [ntdll.dll+0x9c5dc]


---------------  P R O C E S S  ---------------

Threads class SMR info:
_java_thread_list=0x0000020ce38fbbd0, length=64, elements={
0x0000020c837245b0, 0x0000020c97ad83c0, 0x0000020c837de7e0, 0x0000020c97adca60,
0x0000020c97add6b0, 0x0000020c97adeb40, 0x0000020c97ae4e90, 0x0000020c97af1140,
0x0000020c97af2420, 0x0000020c837923d0, 0x0000020cda87ae30, 0x0000020cdf6eef60,
0x0000020cdfc15fb0, 0x0000020cdfac03a0, 0x0000020cdf4e3d20, 0x0000020ce0136010,
0x0000020ce01ab110, 0x0000020cdfd41560, 0x0000020cdfd41bf0, 0x0000020cdfd42280,
0x0000020cdfd40840, 0x0000020cdfd40ed0, 0x0000020cdfd42910, 0x0000020cdfd42fa0,
0x0000020cdfd401b0, 0x0000020cdfd43630, 0x0000020ce2333ec0, 0x0000020ce23310d0,
0x0000020ce2331df0, 0x0000020ce2332b10, 0x0000020ce2334be0, 0x0000020ce2334550,
0x0000020ce2333830, 0x0000020ce23331a0, 0x0000020ce2331760, 0x0000020ce2332480,
0x0000020ce2335270, 0x0000020ce2335900, 0x0000020ce23379d0, 0x0000020ce2337340,
0x0000020ce2338060, 0x0000020ce2335f90, 0x0000020ce2336620, 0x0000020ce2336cb0,
0x0000020ce23386f0, 0x0000020ce0801420, 0x0000020ce0800700, 0x0000020ce0801ab0,
0x0000020ce0802140, 0x0000020ce0802e60, 0x0000020ce08034f0, 0x0000020ce0800070,
0x0000020cda8bcad0, 0x0000020cda8bb090, 0x0000020cda8bbdb0, 0x0000020cda8bd160,
0x0000020cda8ba370, 0x0000020cda8c05e0, 0x0000020cda8be510, 0x0000020cda8c0c70,
0x0000020cda8bff50, 0x0000020ce3b7c4d0, 0x0000020cdff61380, 0x0000020cdff62120
}

Java Threads: ( => current thread )
  0x0000020c837245b0 JavaThread "main"                              [_thread_blocked, id=4152, stack(0x0000007feea00000,0x0000007feeb00000) (1024K)]
  0x0000020c97ad83c0 JavaThread "Reference Handler"          daemon [_thread_blocked, id=12332, stack(0x0000007feee00000,0x0000007feef00000) (1024K)]
  0x0000020c837de7e0 JavaThread "Finalizer"                  daemon [_thread_blocked, id=6632, stack(0x0000007feef00000,0x0000007fef000000) (1024K)]
  0x0000020c97adca60 JavaThread "Signal Dispatcher"          daemon [_thread_blocked, id=16908, stack(0x0000007fef000000,0x0000007fef100000) (1024K)]
  0x0000020c97add6b0 JavaThread "Attach Listener"            daemon [_thread_blocked, id=7724, stack(0x0000007fef100000,0x0000007fef200000) (1024K)]
  0x0000020c97adeb40 JavaThread "Service Thread"             daemon [_thread_blocked, id=4228, stack(0x0000007fef200000,0x0000007fef300000) (1024K)]
  0x0000020c97ae4e90 JavaThread "Monitor Deflation Thread"   daemon [_thread_blocked, id=16860, stack(0x0000007fef300000,0x0000007fef400000) (1024K)]
=>0x0000020c97af1140 JavaThread "C2 CompilerThread0"         daemon [_thread_in_native, id=8304, stack(0x0000007fef400000,0x0000007fef500000) (1024K)]
  0x0000020c97af2420 JavaThread "C1 CompilerThread0"         daemon [_thread_blocked, id=8740, stack(0x0000007fef500000,0x0000007fef600000) (1024K)]
  0x0000020c837923d0 JavaThread "Common-Cleaner"             daemon [_thread_blocked, id=17336, stack(0x0000007fef600000,0x0000007fef700000) (1024K)]
  0x0000020cda87ae30 JavaThread "Notification Thread"        daemon [_thread_blocked, id=13832, stack(0x0000007fef800000,0x0000007fef900000) (1024K)]
  0x0000020cdf6eef60 JavaThread "Active Thread: Equinox Container: b35fb703-fa86-4f25-850e-511497c3d362"        [_thread_in_native, id=16788, stack(0x0000007ff0000000,0x0000007ff0100000) (1024K)]
  0x0000020cdfc15fb0 JavaThread "Refresh Thread: Equinox Container: b35fb703-fa86-4f25-850e-511497c3d362" daemon [_thread_blocked, id=16556, stack(0x0000007ff0100000,0x0000007ff0200000) (1024K)]
  0x0000020cdfac03a0 JavaThread "Framework Event Dispatcher: Equinox Container: b35fb703-fa86-4f25-850e-511497c3d362" daemon [_thread_blocked, id=7888, stack(0x0000007ff0300000,0x0000007ff0400000) (1024K)]
  0x0000020cdf4e3d20 JavaThread "Start Level: Equinox Container: b35fb703-fa86-4f25-850e-511497c3d362" daemon [_thread_blocked, id=14560, stack(0x0000007ff0400000,0x0000007ff0500000) (1024K)]
  0x0000020ce0136010 JavaThread "Bundle File Closer"         daemon [_thread_blocked, id=12540, stack(0x0000007ff0500000,0x0000007ff0600000) (1024K)]
  0x0000020ce01ab110 JavaThread "SCR Component Actor"        daemon [_thread_blocked, id=6880, stack(0x0000007ff0600000,0x0000007ff0700000) (1024K)]
  0x0000020cdfd41560 JavaThread "Worker-JM"                         [_thread_blocked, id=10372, stack(0x0000007ff0800000,0x0000007ff0900000) (1024K)]
  0x0000020cdfd41bf0 JavaThread "JNA Cleaner"                daemon [_thread_blocked, id=15744, stack(0x0000007fef700000,0x0000007fef800000) (1024K)]
  0x0000020cdfd42280 JavaThread "Worker-0"                          [_thread_blocked, id=16824, stack(0x0000007fef900000,0x0000007fefa00000) (1024K)]
  0x0000020cdfd40840 JavaThread "Worker-1"                          [_thread_blocked, id=11068, stack(0x0000007ff0900000,0x0000007ff0a00000) (1024K)]
  0x0000020cdfd40ed0 JavaThread "Worker-2"                          [_thread_blocked, id=11180, stack(0x0000007ff0b00000,0x0000007ff0c00000) (1024K)]
  0x0000020cdfd42910 JavaThread "Java indexing"              daemon [_thread_blocked, id=14552, stack(0x0000007ff0d00000,0x0000007ff0e00000) (1024K)]
  0x0000020cdfd42fa0 JavaThread "Worker-3"                          [_thread_blocked, id=9392, stack(0x0000007ff1000000,0x0000007ff1100000) (1024K)]
  0x0000020cdfd401b0 JavaThread "Thread-2"                   daemon [_thread_in_native, id=16568, stack(0x0000007ff1100000,0x0000007ff1200000) (1024K)]
  0x0000020cdfd43630 JavaThread "Thread-3"                   daemon [_thread_in_native, id=16296, stack(0x0000007ff1200000,0x0000007ff1300000) (1024K)]
  0x0000020ce2333ec0 JavaThread "Thread-4"                   daemon [_thread_in_native, id=17176, stack(0x0000007ff1300000,0x0000007ff1400000) (1024K)]
  0x0000020ce23310d0 JavaThread "Thread-5"                   daemon [_thread_in_native, id=15220, stack(0x0000007ff1400000,0x0000007ff1500000) (1024K)]
  0x0000020ce2331df0 JavaThread "Thread-6"                   daemon [_thread_in_native, id=14940, stack(0x0000007ff1500000,0x0000007ff1600000) (1024K)]
  0x0000020ce2332b10 JavaThread "Thread-7"                   daemon [_thread_in_native, id=17140, stack(0x0000007ff1600000,0x0000007ff1700000) (1024K)]
  0x0000020ce2334be0 JavaThread "Thread-8"                   daemon [_thread_in_native, id=8436, stack(0x0000007ff1700000,0x0000007ff1800000) (1024K)]
  0x0000020ce2334550 JavaThread "Thread-9"                   daemon [_thread_in_native, id=14416, stack(0x0000007ff1800000,0x0000007ff1900000) (1024K)]
  0x0000020ce2333830 JavaThread "Thread-10"                  daemon [_thread_in_native, id=4056, stack(0x0000007ff1900000,0x0000007ff1a00000) (1024K)]
  0x0000020ce23331a0 JavaThread "Worker-4"                          [_thread_blocked, id=2140, stack(0x0000007ff1a00000,0x0000007ff1b00000) (1024K)]
  0x0000020ce2331760 JavaThread "pool-2-thread-1"                   [_thread_blocked, id=16828, stack(0x0000007ff1b00000,0x0000007ff1c00000) (1024K)]
  0x0000020ce2332480 JavaThread "Worker-5"                          [_thread_blocked, id=15568, stack(0x0000007ff1c00000,0x0000007ff1d00000) (1024K)]
  0x0000020ce2335270 JavaThread "WorkspaceEventsHandler"            [_thread_blocked, id=16888, stack(0x0000007ff1d00000,0x0000007ff1e00000) (1024K)]
  0x0000020ce2335900 JavaThread "pool-1-thread-1"                   [_thread_blocked, id=7484, stack(0x0000007ff1e00000,0x0000007ff1f00000) (1024K)]
  0x0000020ce23379d0 JavaThread "LocalFile Deleter"          daemon [_thread_blocked, id=7832, stack(0x0000007ff1f00000,0x0000007ff2000000) (1024K)]
  0x0000020ce2337340 JavaThread "LocalFile Deleter"          daemon [_thread_blocked, id=16572, stack(0x0000007ff2000000,0x0000007ff2100000) (1024K)]
  0x0000020ce2338060 JavaThread "LocalFile Deleter"          daemon [_thread_blocked, id=14956, stack(0x0000007ff2100000,0x0000007ff2200000) (1024K)]
  0x0000020ce2335f90 JavaThread "LocalFile Deleter"          daemon [_thread_blocked, id=15012, stack(0x0000007ff2200000,0x0000007ff2300000) (1024K)]
  0x0000020ce2336620 JavaThread "LocalFile Deleter"          daemon [_thread_blocked, id=9292, stack(0x0000007ff2300000,0x0000007ff2400000) (1024K)]
  0x0000020ce2336cb0 JavaThread "Compiler Source File Reader" daemon [_thread_blocked, id=6536, stack(0x0000007ff2400000,0x0000007ff2500000) (1024K)]
  0x0000020ce23386f0 JavaThread "Compiler Source File Reader" daemon [_thread_blocked, id=14932, stack(0x0000007ff2500000,0x0000007ff2600000) (1024K)]
  0x0000020ce0801420 JavaThread "Compiler Source File Reader" daemon [_thread_blocked, id=15948, stack(0x0000007ff2600000,0x0000007ff2700000) (1024K)]
  0x0000020ce0800700 JavaThread "Compiler Source File Reader" daemon [_thread_blocked, id=14404, stack(0x0000007ff2700000,0x0000007ff2800000) (1024K)]
  0x0000020ce0801ab0 JavaThread "Compiler Source File Reader" daemon [_thread_blocked, id=376, stack(0x0000007ff2800000,0x0000007ff2900000) (1024K)]
  0x0000020ce0802140 JavaThread "Compiler Source File Reader" daemon [_thread_blocked, id=8256, stack(0x0000007ff2900000,0x0000007ff2a00000) (1024K)]
  0x0000020ce0802e60 JavaThread "Compiler Processing Task"   daemon [_thread_blocked, id=15196, stack(0x0000007ff2a00000,0x0000007ff2b00000) (1024K)]
  0x0000020ce08034f0 JavaThread "Compiler Class File Writer" daemon [_thread_blocked, id=17304, stack(0x0000007ff2b00000,0x0000007ff2c00000) (1024K)]
  0x0000020ce0800070 JavaThread "Compiler Class File Writer" daemon [_thread_blocked, id=5804, stack(0x0000007ff2c00000,0x0000007ff2d00000) (1024K)]
  0x0000020cda8bcad0 JavaThread "Compiler Class File Writer" daemon [_thread_blocked, id=15716, stack(0x0000007ff2d00000,0x0000007ff2e00000) (1024K)]
  0x0000020cda8bb090 JavaThread "Compiler Class File Writer" daemon [_thread_blocked, id=13912, stack(0x0000007ff2e00000,0x0000007ff2f00000) (1024K)]
  0x0000020cda8bbdb0 JavaThread "Compiler Class File Writer" daemon [_thread_blocked, id=7684, stack(0x0000007ff2f00000,0x0000007ff3000000) (1024K)]
  0x0000020cda8bd160 JavaThread "Compiler Class File Writer" daemon [_thread_blocked, id=16912, stack(0x0000007ff3000000,0x0000007ff3100000) (1024K)]
  0x0000020cda8ba370 JavaThread "ForkJoinPool.commonPool-worker-1" daemon [_thread_blocked, id=1984, stack(0x0000007ff0700000,0x0000007ff0800000) (1024K)]
  0x0000020cda8c05e0 JavaThread "ForkJoinPool.commonPool-worker-2" daemon [_thread_blocked, id=10300, stack(0x0000007ff3100000,0x0000007ff3200000) (1024K)]
  0x0000020cda8be510 JavaThread "ForkJoinPool.commonPool-worker-3" daemon [_thread_blocked, id=9804, stack(0x0000007ff3200000,0x0000007ff3300000) (1024K)]
  0x0000020cda8c0c70 JavaThread "ForkJoinPool.commonPool-worker-4" daemon [_thread_blocked, id=4188, stack(0x0000007ff3300000,0x0000007ff3400000) (1024K)]
  0x0000020cda8bff50 JavaThread "ForkJoinPool.commonPool-worker-5" daemon [_thread_blocked, id=4528, stack(0x0000007ff0c00000,0x0000007ff0d00000) (1024K)]
  0x0000020ce3b7c4d0 JavaThread "Cleaner-0"                  daemon [_thread_blocked, id=16160, stack(0x0000007ff3500000,0x0000007ff3600000) (1024K)]
  0x0000020cdff61380 JavaThread "C2 CompilerThread1"         daemon [_thread_in_native, id=2616, stack(0x0000007ff0a00000,0x0000007ff0b00000) (1024K)]
  0x0000020cdff62120 JavaThread "C2 CompilerThread2"         daemon [_thread_in_native, id=14972, stack(0x0000007ff3400000,0x0000007ff3500000) (1024K)]
Total: 64

Other Threads:
  0x0000020c97ad3190 VMThread "VM Thread"                           [id=7208, stack(0x0000007feed00000,0x0000007feee00000) (1024K)]
  0x0000020c83791310 WatcherThread "VM Periodic Task Thread"        [id=7596, stack(0x0000007feec00000,0x0000007feed00000) (1024K)]
  0x0000020c83742dc0 WorkerThread "GC Thread#0"                     [id=7356, stack(0x0000007feeb00000,0x0000007feec00000) (1024K)]
  0x0000020cdf24bbf0 WorkerThread "GC Thread#1"                     [id=16904, stack(0x0000007fefa00000,0x0000007fefb00000) (1024K)]
  0x0000020cdf480ae0 WorkerThread "GC Thread#2"                     [id=1948, stack(0x0000007fefb00000,0x0000007fefc00000) (1024K)]
  0x0000020cdf4913b0 WorkerThread "GC Thread#3"                     [id=5888, stack(0x0000007fefc00000,0x0000007fefd00000) (1024K)]
  0x0000020cdf6f1860 WorkerThread "GC Thread#4"                     [id=16612, stack(0x0000007fefd00000,0x0000007fefe00000) (1024K)]
  0x0000020cdf6f1c00 WorkerThread "GC Thread#5"                     [id=8140, stack(0x0000007fefe00000,0x0000007feff00000) (1024K)]
  0x0000020cdf360190 WorkerThread "GC Thread#6"                     [id=15864, stack(0x0000007feff00000,0x0000007ff0000000) (1024K)]
  0x0000020cdfa84770 WorkerThread "GC Thread#7"                     [id=16524, stack(0x0000007ff0200000,0x0000007ff0300000) (1024K)]
Total: 10

Threads with active compile tasks:
C2 CompilerThread0  32503 11035 %     4       java.util.Properties::load0 @ 29 (249 bytes)
C2 CompilerThread1  32503 11238   !   4       org.eclipse.jdt.internal.compiler.parser.Scanner::getNextToken0 (3064 bytes)
C2 CompilerThread2  32503 11292 %     4       org.eclipse.jdt.internal.compiler.parser.Scanner::checkTaskTag @ 70 (937 bytes)
Total: 3

VM state: not at safepoint (normal execution)

VM Mutex/Monitor currently owned by a thread: None

Heap address: 0x00000000c0000000, size: 1024 MB, Compressed Oops mode: 32-bit

CDS archive(s) mapped at: [0x0000020c98000000-0x0000020c98ba0000-0x0000020c98ba0000), size 12189696, SharedBaseAddress: 0x0000020c98000000, ArchiveRelocationMode: 1.
Compressed class space mapped at: 0x0000020c99000000-0x0000020cd9000000, reserved size: 1073741824
Narrow klass base: 0x0000020c98000000, Narrow klass shift: 0, Narrow klass range: 0x100000000

GC Precious Log:
 CardTable entry size: 512
 CPUs: 8 total, 8 available
 Memory: 12044M
 Large Page Support: Disabled
 NUMA Support: Disabled
 Compressed Oops: Enabled (32-bit)
 Alignments: Space 512K, Generation 512K, Heap 2M
 Heap Min Capacity: 100M
 Heap Initial Capacity: 100M
 Heap Max Capacity: 1G
 Pre-touch: Disabled
 Parallel Workers: 8

Heap:
 PSYoungGen      total 3072K, used 1320K [0x00000000eab00000, 0x00000000eaf00000, 0x0000000100000000)
  eden space 2048K, 30% used [0x00000000eab00000,0x00000000eab9dfc8,0x00000000ead00000)
  from space 1024K, 67% used [0x00000000ead00000,0x00000000eadac0c0,0x00000000eae00000)
  to   space 1024K, 0% used [0x00000000eae00000,0x00000000eae00000,0x00000000eaf00000)
 ParOldGen       total 454144K, used 453751K [0x00000000c0000000, 0x00000000dbb80000, 0x00000000eab00000)
  object space 454144K, 99% used [0x00000000c0000000,0x00000000dbb1df68,0x00000000dbb80000)
 Metaspace       used 66951K, committed 68416K, reserved 1114112K
  class space    used 6840K, committed 7552K, reserved 1048576K

Card table byte_map: [0x0000020c830c0000,0x0000020c832d0000] _byte_map_base: 0x0000020c82ac0000

Marking Bits: (ParMarkBitMap*) 0x00007ff9405231f0
 Begin Bits: [0x0000020c95910000, 0x0000020c96910000)
 End Bits:   [0x0000020c96910000, 0x0000020c97910000)

Polling page: 0x0000020c81450000

Metaspace:

Usage:
  Non-class:     58.70 MB used.
      Class:      6.68 MB used.
       Both:     65.38 MB used.

Virtual space:
  Non-class space:       64.00 MB reserved,      59.44 MB ( 93%) committed,  1 nodes.
      Class space:        1.00 GB reserved,       7.38 MB ( <1%) committed,  1 nodes.
             Both:        1.06 GB reserved,      66.81 MB (  6%) committed. 

Chunk freelists:
   Non-Class:  3.84 MB
       Class:  8.61 MB
        Both:  12.46 MB

MaxMetaspaceSize: unlimited
CompressedClassSpaceSize: 1.00 GB
Initial GC threshold: 21.00 MB
Current GC threshold: 97.31 MB
CDS: on
 - commit_granule_bytes: 65536.
 - commit_granule_words: 8192.
 - virtual_space_node_default_size: 8388608.
 - enlarge_chunks_in_place: 1.
 - use_allocation_guard: 0.


Internal statistics:

num_allocs_failed_limit: 11.
num_arena_births: 1116.
num_arena_deaths: 14.
num_vsnodes_births: 2.
num_vsnodes_deaths: 0.
num_space_committed: 1069.
num_space_uncommitted: 0.
num_chunks_returned_to_freelist: 25.
num_chunks_taken_from_freelist: 4384.
num_chunk_merges: 17.
num_chunk_splits: 2621.
num_chunks_enlarged: 1423.
num_inconsistent_stats: 0.

CodeHeap 'non-profiled nmethods': size=120000Kb used=8135Kb max_used=8135Kb free=111864Kb
 bounds [0x0000020c8e3e0000, 0x0000020c8ebe0000, 0x0000020c95910000]
CodeHeap 'profiled nmethods': size=120000Kb used=24580Kb max_used=24580Kb free=95419Kb
 bounds [0x0000020c86910000, 0x0000020c88120000, 0x0000020c8de40000]
CodeHeap 'non-nmethods': size=5760Kb used=1474Kb max_used=1596Kb free=4285Kb
 bounds [0x0000020c8de40000, 0x0000020c8e0b0000, 0x0000020c8e3e0000]
 total_blobs=11322 nmethods=10537 adapters=688
 compilation: enabled
              stopped_count=0, restarted_count=0
 full_count=0

Compilation events (20 events):
Event: 31.414 Thread 0x0000020c97af2420 11353       2       java.lang.invoke.VarHandleByteArrayAsLongs$ArrayHandle::set (39 bytes)
Event: 31.414 Thread 0x0000020c97af2420 nmethod 11353 0x0000020c8810ce90 code [0x0000020c8810d040, 0x0000020c8810d220]
Event: 31.414 Thread 0x0000020c97af2420 11354       2       jdk.internal.misc.Unsafe::putLongUnaligned (14 bytes)
Event: 31.414 Thread 0x0000020c97af2420 nmethod 11354 0x0000020c8810d390 code [0x0000020c8810d540, 0x0000020c8810d698]
Event: 31.414 Thread 0x0000020c97af2420 11355       2       jdk.internal.misc.Unsafe::putLongUnaligned (157 bytes)
Event: 31.415 Thread 0x0000020c97af2420 nmethod 11355 0x0000020c8810d790 code [0x0000020c8810d960, 0x0000020c8810dcb0]
Event: 31.415 Thread 0x0000020c97af2420 11291       1       org.eclipse.core.resources.FileInfoMatcherDescription::getArguments (5 bytes)
Event: 31.415 Thread 0x0000020c97af2420 nmethod 11291 0x0000020c8ebc2a10 code [0x0000020c8ebc2ba0, 0x0000020c8ebc2c68]
Event: 31.415 Thread 0x0000020c97af2420 11307       1       org.eclipse.core.internal.resources.FilterDescriptor::isFirstOrdering (5 bytes)
Event: 31.415 Thread 0x0000020c97af2420 nmethod 11307 0x0000020c8ebc2d10 code [0x0000020c8ebc2ea0, 0x0000020c8ebc2f70]
Event: 31.415 Thread 0x0000020c97af2420 11359       2       org.eclipse.osgi.container.ModuleWiring::getPersistentWires (99 bytes)
Event: 31.416 Thread 0x0000020c97af2420 nmethod 11359 0x0000020c8810dd90 code [0x0000020c8810dfa0, 0x0000020c8810e408]
Event: 31.416 Thread 0x0000020c97af2420 11360       2       org.eclipse.osgi.container.ModuleWiring::getModuleCapabilities (18 bytes)
Event: 31.416 Thread 0x0000020c97af2420 nmethod 11360 0x0000020c8810e710 code [0x0000020c8810e8c0, 0x0000020c8810eab8]
Event: 31.436 Thread 0x0000020c97af2420 11361  s    2       org.eclipse.core.internal.resources.ProjectDescription::getFilter (21 bytes)
Event: 31.436 Thread 0x0000020c97af2420 nmethod 11361 0x0000020c8810ec10 code [0x0000020c8810edc0, 0x0000020c8810f068]
Event: 31.438 Thread 0x0000020c97af2420 11362       1       sun.util.calendar.CalendarDate::setNormalized (6 bytes)
Event: 31.438 Thread 0x0000020c97af2420 nmethod 11362 0x0000020c8ebc3010 code [0x0000020c8ebc31a0, 0x0000020c8ebc3270]
Event: 31.449 Thread 0x0000020cdff61380 nmethod 11245% 0x0000020c8ebc3310 code [0x0000020c8ebc3940, 0x0000020c8ebc6d50]
Event: 31.450 Thread 0x0000020cdff61380 11238   !   4       org.eclipse.jdt.internal.compiler.parser.Scanner::getNextToken0 (3064 bytes)

GC Heap History (20 events):
Event: 30.217 GC heap before
{Heap before GC invocations=348 (full 3):
 PSYoungGen      total 3072K, used 2560K [0x00000000eab00000, 0x00000000eaf00000, 0x0000000100000000)
  eden space 2048K, 100% used [0x00000000eab00000,0x00000000ead00000,0x00000000ead00000)
  from space 1024K, 50% used [0x00000000eae00000,0x00000000eae80000,0x00000000eaf00000)
  to   space 1024K, 0% used [0x00000000ead00000,0x00000000ead00000,0x00000000eae00000)
 ParOldGen       total 441856K, used 441396K [0x00000000c0000000, 0x00000000daf80000, 0x00000000eab00000)
  object space 441856K, 99% used [0x00000000c0000000,0x00000000daf0d048,0x00000000daf80000)
 Metaspace       used 66152K, committed 67584K, reserved 1114112K
  class space    used 6784K, committed 7424K, reserved 1048576K
}
Event: 30.219 GC heap after
{Heap after GC invocations=348 (full 3):
 PSYoungGen      total 3072K, used 528K [0x00000000eab00000, 0x00000000eaf00000, 0x0000000100000000)
  eden space 2048K, 0% used [0x00000000eab00000,0x00000000eab00000,0x00000000ead00000)
  from space 1024K, 51% used [0x00000000ead00000,0x00000000ead84010,0x00000000eae00000)
  to   space 1024K, 0% used [0x00000000eae00000,0x00000000eae00000,0x00000000eaf00000)
 ParOldGen       total 441856K, used 441452K [0x00000000c0000000, 0x00000000daf80000, 0x00000000eab00000)
  object space 441856K, 99% used [0x00000000c0000000,0x00000000daf1b048,0x00000000daf80000)
 Metaspace       used 66152K, committed 67584K, reserved 1114112K
  class space    used 6784K, committed 7424K, reserved 1048576K
}
Event: 30.245 GC heap before
{Heap before GC invocations=349 (full 3):
 PSYoungGen      total 3072K, used 2482K [0x00000000eab00000, 0x00000000eaf00000, 0x0000000100000000)
  eden space 2048K, 95% used [0x00000000eab00000,0x00000000eace8868,0x00000000ead00000)
  from space 1024K, 51% used [0x00000000ead00000,0x00000000ead84010,0x00000000eae00000)
  to   space 1024K, 0% used [0x00000000eae00000,0x00000000eae00000,0x00000000eaf00000)
 ParOldGen       total 441856K, used 441452K [0x00000000c0000000, 0x00000000daf80000, 0x00000000eab00000)
  object space 441856K, 99% used [0x00000000c0000000,0x00000000daf1b048,0x00000000daf80000)
 Metaspace       used 66237K, committed 67648K, reserved 1114112K
  class space    used 6795K, committed 7424K, reserved 1048576K
}
Event: 30.249 GC heap after
{Heap after GC invocations=349 (full 3):
 PSYoungGen      total 2560K, used 448K [0x00000000eab00000, 0x00000000eae80000, 0x0000000100000000)
  eden space 2048K, 0% used [0x00000000eab00000,0x00000000eab00000,0x00000000ead00000)
  from space 512K, 87% used [0x00000000eae00000,0x00000000eae70000,0x00000000eae80000)
  to   space 512K, 0% used [0x00000000ead80000,0x00000000ead80000,0x00000000eae00000)
 ParOldGen       total 441856K, used 441513K [0x00000000c0000000, 0x00000000daf80000, 0x00000000eab00000)
  object space 441856K, 99% used [0x00000000c0000000,0x00000000daf2a528,0x00000000daf80000)
 Metaspace       used 66237K, committed 67648K, reserved 1114112K
  class space    used 6795K, committed 7424K, reserved 1048576K
}
Event: 30.257 GC heap before
{Heap before GC invocations=350 (full 3):
 PSYoungGen      total 2560K, used 2495K [0x00000000eab00000, 0x00000000eae80000, 0x0000000100000000)
  eden space 2048K, 99% used [0x00000000eab00000,0x00000000eacfffd8,0x00000000ead00000)
  from space 512K, 87% used [0x00000000eae00000,0x00000000eae70000,0x00000000eae80000)
  to   space 512K, 0% used [0x00000000ead80000,0x00000000ead80000,0x00000000eae00000)
 ParOldGen       total 441856K, used 441513K [0x00000000c0000000, 0x00000000daf80000, 0x00000000eab00000)
  object space 441856K, 99% used [0x00000000c0000000,0x00000000daf2a528,0x00000000daf80000)
 Metaspace       used 66238K, committed 67648K, reserved 1114112K
  class space    used 6795K, committed 7424K, reserved 1048576K
}
Event: 31.275 GC heap after
{Heap after GC invocations=350 (full 3):
 PSYoungGen      total 2560K, used 493K [0x00000000eab00000, 0x00000000eb200000, 0x0000000100000000)
  eden space 2048K, 0% used [0x00000000eab00000,0x00000000eab00000,0x00000000ead00000)
  from space 512K, 96% used [0x00000000ead80000,0x00000000eadfb5e0,0x00000000eae00000)
  to   space 2560K, 0% used [0x00000000eaf80000,0x00000000eaf80000,0x00000000eb200000)
 ParOldGen       total 443392K, used 443129K [0x00000000c0000000, 0x00000000db100000, 0x00000000eab00000)
  object space 443392K, 99% used [0x00000000c0000000,0x00000000db0be528,0x00000000db100000)
 Metaspace       used 66238K, committed 67648K, reserved 1114112K
  class space    used 6795K, committed 7424K, reserved 1048576K
}
Event: 31.283 GC heap before
{Heap before GC invocations=351 (full 3):
 PSYoungGen      total 2560K, used 2541K [0x00000000eab00000, 0x00000000eb200000, 0x0000000100000000)
  eden space 2048K, 100% used [0x00000000eab00000,0x00000000ead00000,0x00000000ead00000)
  from space 512K, 96% used [0x00000000ead80000,0x00000000eadfb5e0,0x00000000eae00000)
  to   space 2560K, 0% used [0x00000000eaf80000,0x00000000eaf80000,0x00000000eb200000)
 ParOldGen       total 444928K, used 444629K [0x00000000c0000000, 0x00000000db280000, 0x00000000eab00000)
  object space 444928K, 99% used [0x00000000c0000000,0x00000000db235638,0x00000000db280000)
 Metaspace       used 66258K, committed 67648K, reserved 1114112K
  class space    used 6797K, committed 7424K, reserved 1048576K
}
Event: 31.285 GC heap after
{Heap after GC invocations=351 (full 3):
 PSYoungGen      total 4096K, used 1760K [0x00000000eab00000, 0x00000000eb180000, 0x0000000100000000)
  eden space 2048K, 0% used [0x00000000eab00000,0x00000000eab00000,0x00000000ead00000)
  from space 2048K, 85% used [0x00000000eaf80000,0x00000000eb138000,0x00000000eb180000)
  to   space 2048K, 0% used [0x00000000ead80000,0x00000000ead80000,0x00000000eaf80000)
 ParOldGen       total 445440K, used 445147K [0x00000000c0000000, 0x00000000db300000, 0x00000000eab00000)
  object space 445440K, 99% used [0x00000000c0000000,0x00000000db2b6c18,0x00000000db300000)
 Metaspace       used 66258K, committed 67648K, reserved 1114112K
  class space    used 6797K, committed 7424K, reserved 1048576K
}
Event: 31.299 GC heap before
{Heap before GC invocations=352 (full 3):
 PSYoungGen      total 4096K, used 3808K [0x00000000eab00000, 0x00000000eb180000, 0x0000000100000000)
  eden space 2048K, 100% used [0x00000000eab00000,0x00000000ead00000,0x00000000ead00000)
  from space 2048K, 85% used [0x00000000eaf80000,0x00000000eb138000,0x00000000eb180000)
  to   space 2048K, 0% used [0x00000000ead80000,0x00000000ead80000,0x00000000eaf80000)
 ParOldGen       total 445440K, used 445147K [0x00000000c0000000, 0x00000000db300000, 0x00000000eab00000)
  object space 445440K, 99% used [0x00000000c0000000,0x00000000db2b6c18,0x00000000db300000)
 Metaspace       used 66325K, committed 67712K, reserved 1114112K
  class space    used 6803K, committed 7424K, reserved 1048576K
}
Event: 31.302 GC heap after
{Heap after GC invocations=352 (full 3):
 PSYoungGen      total 3072K, used 944K [0x00000000eab00000, 0x00000000eb000000, 0x0000000100000000)
  eden space 2048K, 0% used [0x00000000eab00000,0x00000000eab00000,0x00000000ead00000)
  from space 1024K, 92% used [0x00000000ead80000,0x00000000eae6c170,0x00000000eae80000)
  to   space 1536K, 0% used [0x00000000eae80000,0x00000000eae80000,0x00000000eb000000)
 ParOldGen       total 446976K, used 446827K [0x00000000c0000000, 0x00000000db480000, 0x00000000eab00000)
  object space 446976K, 99% used [0x00000000c0000000,0x00000000db45ac38,0x00000000db480000)
 Metaspace       used 66325K, committed 67712K, reserved 1114112K
  class space    used 6803K, committed 7424K, reserved 1048576K
}
Event: 31.318 GC heap before
{Heap before GC invocations=353 (full 3):
 PSYoungGen      total 3072K, used 2961K [0x00000000eab00000, 0x00000000eb000000, 0x0000000100000000)
  eden space 2048K, 98% used [0x00000000eab00000,0x00000000eacf83f8,0x00000000ead00000)
  from space 1024K, 92% used [0x00000000ead80000,0x00000000eae6c170,0x00000000eae80000)
  to   space 1536K, 0% used [0x00000000eae80000,0x00000000eae80000,0x00000000eb000000)
 ParOldGen       total 448512K, used 448327K [0x00000000c0000000, 0x00000000db600000, 0x00000000eab00000)
  object space 448512K, 99% used [0x00000000c0000000,0x00000000db5d1d48,0x00000000db600000)
 Metaspace       used 66505K, committed 67904K, reserved 1114112K
  class space    used 6808K, committed 7424K, reserved 1048576K
}
Event: 31.320 GC heap after
{Heap after GC invocations=353 (full 3):
 PSYoungGen      total 3072K, used 761K [0x00000000eab00000, 0x00000000eaf80000, 0x0000000100000000)
  eden space 2048K, 0% used [0x00000000eab00000,0x00000000eab00000,0x00000000ead00000)
  from space 1024K, 74% used [0x00000000eae80000,0x00000000eaf3e730,0x00000000eaf80000)
  to   space 1024K, 0% used [0x00000000ead80000,0x00000000ead80000,0x00000000eae80000)
 ParOldGen       total 449024K, used 448935K [0x00000000c0000000, 0x00000000db680000, 0x00000000eab00000)
  object space 449024K, 99% used [0x00000000c0000000,0x00000000db669d48,0x00000000db680000)
 Metaspace       used 66505K, committed 67904K, reserved 1114112K
  class space    used 6808K, committed 7424K, reserved 1048576K
}
Event: 31.334 GC heap before
{Heap before GC invocations=354 (full 3):
 PSYoungGen      total 3072K, used 2809K [0x00000000eab00000, 0x00000000eaf80000, 0x0000000100000000)
  eden space 2048K, 99% used [0x00000000eab00000,0x00000000eacffe18,0x00000000ead00000)
  from space 1024K, 74% used [0x00000000eae80000,0x00000000eaf3e730,0x00000000eaf80000)
  to   space 1024K, 0% used [0x00000000ead80000,0x00000000ead80000,0x00000000eae80000)
 ParOldGen       total 449024K, used 448935K [0x00000000c0000000, 0x00000000db680000, 0x00000000eab00000)
  object space 449024K, 99% used [0x00000000c0000000,0x00000000db669d48,0x00000000db680000)
 Metaspace       used 66560K, committed 67968K, reserved 1114112K
  class space    used 6809K, committed 7424K, reserved 1048576K
}
Event: 31.336 GC heap after
{Heap after GC invocations=354 (full 3):
 PSYoungGen      total 3072K, used 796K [0x00000000eab00000, 0x00000000eaf00000, 0x0000000100000000)
  eden space 2048K, 0% used [0x00000000eab00000,0x00000000eab00000,0x00000000ead00000)
  from space 1024K, 77% used [0x00000000ead80000,0x00000000eae473d0,0x00000000eae80000)
  to   space 512K, 0% used [0x00000000eae80000,0x00000000eae80000,0x00000000eaf00000)
 ParOldGen       total 449536K, used 449401K [0x00000000c0000000, 0x00000000db700000, 0x00000000eab00000)
  object space 449536K, 99% used [0x00000000c0000000,0x00000000db6de768,0x00000000db700000)
 Metaspace       used 66560K, committed 67968K, reserved 1114112K
  class space    used 6809K, committed 7424K, reserved 1048576K
}
Event: 31.361 GC heap before
{Heap before GC invocations=355 (full 3):
 PSYoungGen      total 3072K, used 2844K [0x00000000eab00000, 0x00000000eaf00000, 0x0000000100000000)
  eden space 2048K, 100% used [0x00000000eab00000,0x00000000ead00000,0x00000000ead00000)
  from space 1024K, 77% used [0x00000000ead80000,0x00000000eae473d0,0x00000000eae80000)
  to   space 512K, 0% used [0x00000000eae80000,0x00000000eae80000,0x00000000eaf00000)
 ParOldGen       total 449536K, used 449401K [0x00000000c0000000, 0x00000000db700000, 0x00000000eab00000)
  object space 449536K, 99% used [0x00000000c0000000,0x00000000db6de768,0x00000000db700000)
 Metaspace       used 66645K, committed 68032K, reserved 1114112K
  class space    used 6819K, committed 7424K, reserved 1048576K
}
Event: 31.363 GC heap after
{Heap after GC invocations=355 (full 3):
 PSYoungGen      total 2560K, used 498K [0x00000000eab00000, 0x00000000eb000000, 0x0000000100000000)
  eden space 2048K, 0% used [0x00000000eab00000,0x00000000eab00000,0x00000000ead00000)
  from space 512K, 97% used [0x00000000eae80000,0x00000000eaefc810,0x00000000eaf00000)
  to   space 1536K, 0% used [0x00000000ead00000,0x00000000ead00000,0x00000000eae80000)
 ParOldGen       total 450048K, used 449907K [0x00000000c0000000, 0x00000000db780000, 0x00000000eab00000)
  object space 450048K, 99% used [0x00000000c0000000,0x00000000db75cd18,0x00000000db780000)
 Metaspace       used 66645K, committed 68032K, reserved 1114112K
  class space    used 6819K, committed 7424K, reserved 1048576K
}
Event: 31.384 GC heap before
{Heap before GC invocations=356 (full 3):
 PSYoungGen      total 2560K, used 2545K [0x00000000eab00000, 0x00000000eb000000, 0x0000000100000000)
  eden space 2048K, 99% used [0x00000000eab00000,0x00000000eacffd98,0x00000000ead00000)
  from space 512K, 97% used [0x00000000eae80000,0x00000000eaefc810,0x00000000eaf00000)
  to   space 1536K, 0% used [0x00000000ead00000,0x00000000ead00000,0x00000000eae80000)
 ParOldGen       total 451584K, used 451407K [0x00000000c0000000, 0x00000000db900000, 0x00000000eab00000)
  object space 451584K, 99% used [0x00000000c0000000,0x00000000db8d3e28,0x00000000db900000)
 Metaspace       used 66691K, committed 68096K, reserved 1114112K
  class space    used 6825K, committed 7488K, reserved 1048576K
}
Event: 31.387 GC heap after
{Heap after GC invocations=356 (full 3):
 PSYoungGen      total 3072K, used 592K [0x00000000eab00000, 0x00000000eaf00000, 0x0000000100000000)
  eden space 2048K, 0% used [0x00000000eab00000,0x00000000eab00000,0x00000000ead00000)
  from space 1024K, 57% used [0x00000000ead00000,0x00000000ead94340,0x00000000eae00000)
  to   space 1024K, 0% used [0x00000000eae00000,0x00000000eae00000,0x00000000eaf00000)
 ParOldGen       total 452096K, used 451780K [0x00000000c0000000, 0x00000000db980000, 0x00000000eab00000)
  object space 452096K, 99% used [0x00000000c0000000,0x00000000db9312f8,0x00000000db980000)
 Metaspace       used 66691K, committed 68096K, reserved 1114112K
  class space    used 6825K, committed 7488K, reserved 1048576K
}
Event: 31.395 GC heap before
{Heap before GC invocations=357 (full 3):
 PSYoungGen      total 3072K, used 2640K [0x00000000eab00000, 0x00000000eaf00000, 0x0000000100000000)
  eden space 2048K, 100% used [0x00000000eab00000,0x00000000ead00000,0x00000000ead00000)
  from space 1024K, 57% used [0x00000000ead00000,0x00000000ead94340,0x00000000eae00000)
  to   space 1024K, 0% used [0x00000000eae00000,0x00000000eae00000,0x00000000eaf00000)
 ParOldGen       total 452096K, used 451780K [0x00000000c0000000, 0x00000000db980000, 0x00000000eab00000)
  object space 452096K, 99% used [0x00000000c0000000,0x00000000db9312f8,0x00000000db980000)
 Metaspace       used 66694K, committed 68096K, reserved 1114112K
  class space    used 6825K, committed 7488K, reserved 1048576K
}
Event: 31.397 GC heap after
{Heap after GC invocations=357 (full 3):
 PSYoungGen      total 3072K, used 463K [0x00000000eab00000, 0x00000000eaf00000, 0x0000000100000000)
  eden space 2048K, 0% used [0x00000000eab00000,0x00000000eab00000,0x00000000ead00000)
  from space 1024K, 45% used [0x00000000eae00000,0x00000000eae73c60,0x00000000eaf00000)
  to   space 1024K, 0% used [0x00000000ead00000,0x00000000ead00000,0x00000000eae00000)
 ParOldGen       total 454144K, used 453683K [0x00000000c0000000, 0x00000000dbb80000, 0x00000000eab00000)
  object space 454144K, 99% used [0x00000000c0000000,0x00000000dbb0cec8,0x00000000dbb80000)
 Metaspace       used 66694K, committed 68096K, reserved 1114112K
  class space    used 6825K, committed 7488K, reserved 1048576K
}

Dll operation events (10 events):
Event: 0.021 Loaded shared library c:\Users\psclr\.vscode\extensions\redhat.java-1.42.0-win32-x64\jre\21.0.7-win32-x86_64\bin\java.dll
Event: 0.097 Loaded shared library c:\Users\psclr\.vscode\extensions\redhat.java-1.42.0-win32-x64\jre\21.0.7-win32-x86_64\bin\zip.dll
Event: 0.118 Loaded shared library C:\Users\psclr\.vscode\extensions\redhat.java-1.42.0-win32-x64\jre\21.0.7-win32-x86_64\bin\instrument.dll
Event: 0.122 Loaded shared library C:\Users\psclr\.vscode\extensions\redhat.java-1.42.0-win32-x64\jre\21.0.7-win32-x86_64\bin\net.dll
Event: 0.124 Loaded shared library C:\Users\psclr\.vscode\extensions\redhat.java-1.42.0-win32-x64\jre\21.0.7-win32-x86_64\bin\nio.dll
Event: 0.126 Loaded shared library C:\Users\psclr\.vscode\extensions\redhat.java-1.42.0-win32-x64\jre\21.0.7-win32-x86_64\bin\zip.dll
Event: 0.146 Loaded shared library C:\Users\psclr\.vscode\extensions\redhat.java-1.42.0-win32-x64\jre\21.0.7-win32-x86_64\bin\jimage.dll
Event: 0.208 Loaded shared library c:\Users\psclr\.vscode\extensions\redhat.java-1.42.0-win32-x64\jre\21.0.7-win32-x86_64\bin\verify.dll
Event: 1.256 Loaded shared library C:\Users\psclr\AppData\Roaming\Code\User\globalStorage\redhat.java\1.42.0\config_win\org.eclipse.equinox.launcher\org.eclipse.equinox.launcher.win32.win32.x86_64_1.2.1300.v20250331-1702\eclipse_11911.dll
Event: 2.834 Loaded shared library C:\Users\psclr\AppData\Local\Temp\jna-106958918\jna1835548323626907643.dll

Deoptimization events (20 events):
Event: 31.354 Thread 0x0000020cda8c05e0 Uncommon trap: trap_request=0xffffff45 fr.pc=0x0000020c8eb77c60 relative=0x0000000000000660
Event: 31.354 Thread 0x0000020cda8c05e0 Uncommon trap: reason=unstable_if action=reinterpret pc=0x0000020c8eb77c60 method=org.eclipse.jdt.core.dom.ASTNode$NodeList.newCursor()Lorg/eclipse/jdt/core/dom/ASTNode$NodeList$Cursor; @ 8 c2
Event: 31.354 Thread 0x0000020cda8c05e0 DEOPT PACKING pc=0x0000020c8eb77c60 sp=0x0000007ff31fdfa0
Event: 31.354 Thread 0x0000020cda8c05e0 DEOPT UNPACKING pc=0x0000020c8de96da2 sp=0x0000007ff31fdf70 mode 2
Event: 31.354 Thread 0x0000020cda8c05e0 Uncommon trap: trap_request=0xffffff45 fr.pc=0x0000020c8eb7709c relative=0x00000000000004dc
Event: 31.354 Thread 0x0000020cda8c05e0 Uncommon trap: reason=unstable_if action=reinterpret pc=0x0000020c8eb7709c method=org.eclipse.jdt.core.dom.ASTNode$NodeList.releaseCursor(Lorg/eclipse/jdt/core/dom/ASTNode$NodeList$Cursor;)V @ 24 c2
Event: 31.354 Thread 0x0000020cda8c05e0 DEOPT PACKING pc=0x0000020c8eb7709c sp=0x0000007ff31fdf90
Event: 31.354 Thread 0x0000020cda8c05e0 DEOPT UNPACKING pc=0x0000020c8de96da2 sp=0x0000007ff31fdf68 mode 2
Event: 31.367 Thread 0x0000020cda8be510 Uncommon trap: trap_request=0xffffffe4 fr.pc=0x0000020c8eac3c48 relative=0x00000000000004c8
Event: 31.367 Thread 0x0000020cda8be510 Uncommon trap: reason=range_check action=make_not_entrant pc=0x0000020c8eac3c48 method=org.eclipse.jdt.internal.compiler.parser.Scanner.pushLineSeparator()V @ 104 c2
Event: 31.367 Thread 0x0000020cda8be510 DEOPT PACKING pc=0x0000020c8eac3c48 sp=0x0000007ff32fe910
Event: 31.367 Thread 0x0000020cda8be510 DEOPT UNPACKING pc=0x0000020c8de96da2 sp=0x0000007ff32fe8b0 mode 2
Event: 31.394 Thread 0x0000020cda8c05e0 Uncommon trap: trap_request=0xffffffde fr.pc=0x0000020c8ebb0078 relative=0x0000000000001578
Event: 31.394 Thread 0x0000020cda8c05e0 Uncommon trap: reason=class_check action=maybe_recompile pc=0x0000020c8ebb0078 method=org.eclipse.jdt.internal.compiler.parser.Parser.consumeRule(I)V @ 6163 c2
Event: 31.394 Thread 0x0000020cda8c05e0 DEOPT PACKING pc=0x0000020c8ebb0078 sp=0x0000007ff31fda90
Event: 31.394 Thread 0x0000020cda8c05e0 DEOPT UNPACKING pc=0x0000020c8de96da2 sp=0x0000007ff31fda20 mode 2
Event: 31.394 Thread 0x0000020cda8c05e0 Uncommon trap: trap_request=0xffffffde fr.pc=0x0000020c8ebb0040 relative=0x0000000000001540
Event: 31.394 Thread 0x0000020cda8c05e0 Uncommon trap: reason=class_check action=maybe_recompile pc=0x0000020c8ebb0040 method=org.eclipse.jdt.internal.compiler.parser.Parser.consumeRule(I)V @ 6121 c2
Event: 31.394 Thread 0x0000020cda8c05e0 DEOPT PACKING pc=0x0000020c8ebb0040 sp=0x0000007ff31fda90
Event: 31.394 Thread 0x0000020cda8c05e0 DEOPT UNPACKING pc=0x0000020c8de96da2 sp=0x0000007ff31fda20 mode 2

Classes loaded (20 events):
Event: 30.140 Loading class javax/xml/transform/TransformerConfigurationException done
Event: 31.276 Loading class java/util/concurrent/CompletionException
Event: 31.277 Loading class java/util/concurrent/CompletionException done
Event: 31.435 Loading class sun/nio/cs/ISO_8859_1$Encoder
Event: 31.437 Loading class sun/nio/cs/ISO_8859_1$Encoder done
Event: 31.437 Loading class sun/nio/cs/Surrogate$Parser
Event: 31.438 Loading class sun/nio/cs/Surrogate$Parser done
Event: 31.438 Loading class sun/nio/cs/Surrogate
Event: 31.438 Loading class sun/nio/cs/Surrogate done
Event: 31.438 Loading class sun/util/locale/provider/TimeZoneNameUtility
Event: 31.439 Loading class sun/util/locale/provider/TimeZoneNameUtility done
Event: 31.439 Loading class sun/util/locale/provider/TimeZoneNameUtility$TimeZoneNameGetter
Event: 31.439 Loading class sun/util/locale/provider/TimeZoneNameUtility$TimeZoneNameGetter done
Event: 31.439 Loading class sun/util/cldr/CLDRTimeZoneNameProviderImpl
Event: 31.440 Loading class sun/util/locale/provider/TimeZoneNameProviderImpl
Event: 31.440 Loading class sun/util/locale/provider/TimeZoneNameProviderImpl done
Event: 31.440 Loading class sun/util/cldr/CLDRTimeZoneNameProviderImpl done
Event: 31.444 Loading class sun/util/locale/provider/BaseLocaleDataMetaInfo
Event: 31.447 Loading class sun/util/locale/provider/BaseLocaleDataMetaInfo done
Event: 31.466 Loading class sun/util/resources/cldr/TimeZoneNames

Classes unloaded (7 events):
Event: 3.275 Thread 0x0000020c97ad3190 Unloading class 0x0000020c991a0c00 'java/lang/invoke/LambdaForm$MH+0x0000020c991a0c00'
Event: 3.275 Thread 0x0000020c97ad3190 Unloading class 0x0000020c991a0800 'java/lang/invoke/LambdaForm$MH+0x0000020c991a0800'
Event: 3.275 Thread 0x0000020c97ad3190 Unloading class 0x0000020c991a0400 'java/lang/invoke/LambdaForm$MH+0x0000020c991a0400'
Event: 3.275 Thread 0x0000020c97ad3190 Unloading class 0x0000020c991a0000 'java/lang/invoke/LambdaForm$MH+0x0000020c991a0000'
Event: 3.275 Thread 0x0000020c97ad3190 Unloading class 0x0000020c9919fc00 'java/lang/invoke/LambdaForm$BMH+0x0000020c9919fc00'
Event: 3.275 Thread 0x0000020c97ad3190 Unloading class 0x0000020c9919f800 'java/lang/invoke/LambdaForm$DMH+0x0000020c9919f800'
Event: 3.275 Thread 0x0000020c97ad3190 Unloading class 0x0000020c9919e400 'java/lang/invoke/LambdaForm$DMH+0x0000020c9919e400'

Classes redefined (0 events):
No events

Internal exceptions (20 events):
Event: 9.138 Thread 0x0000020ce2332480 Exception <a 'java/lang/NoSuchMethodError'{0x00000000eabddb98}: 'java.lang.Object java.lang.invoke.DirectMethodHandle$Holder.newInvokeSpecial(java.lang.Object, java.lang.Object, int)'> (0x00000000eabddb98) 
thrown [s\src\hotspot\share\interpreter\linkResolver.cpp, line 773]
Event: 10.102 Thread 0x0000020cdfd42910 Implicit null exception at 0x0000020c8e938b77 to 0x0000020c8e93de0c
Event: 12.939 Thread 0x0000020cdfd42910 Exception <a 'sun/nio/fs/WindowsException'{0x00000000eabc7c48}> (0x00000000eabc7c48) 
thrown [s\src\hotspot\share\prims\jni.cpp, line 520]
Event: 13.081 Thread 0x0000020ce2335900 Exception <a 'java/lang/IncompatibleClassChangeError'{0x00000000eac65c90}: Found class java.lang.Object, but interface was expected> (0x00000000eac65c90) 
thrown [s\src\hotspot\share\interpreter\linkResolver.cpp, line 840]
Event: 13.106 Thread 0x0000020cda8be510 Exception <a 'sun/nio/fs/WindowsException'{0x00000000eab63458}> (0x00000000eab63458) 
thrown [s\src\hotspot\share\prims\jni.cpp, line 520]
Event: 13.106 Thread 0x0000020cda8be510 Exception <a 'sun/nio/fs/WindowsException'{0x00000000eab68b68}> (0x00000000eab68b68) 
thrown [s\src\hotspot\share\prims\jni.cpp, line 520]
Event: 13.106 Thread 0x0000020cda8be510 Exception <a 'sun/nio/fs/WindowsException'{0x00000000eab7d688}> (0x00000000eab7d688) 
thrown [s\src\hotspot\share\prims\jni.cpp, line 520]
Event: 13.106 Thread 0x0000020cda8be510 Exception <a 'sun/nio/fs/WindowsException'{0x00000000eab807c8}> (0x00000000eab807c8) 
thrown [s\src\hotspot\share\prims\jni.cpp, line 520]
Event: 13.107 Thread 0x0000020cda8be510 Exception <a 'sun/nio/fs/WindowsException'{0x00000000eaba13a0}> (0x00000000eaba13a0) 
thrown [s\src\hotspot\share\prims\jni.cpp, line 520]
Event: 13.107 Thread 0x0000020cda8be510 Exception <a 'sun/nio/fs/WindowsException'{0x00000000eaba44f8}> (0x00000000eaba44f8) 
thrown [s\src\hotspot\share\prims\jni.cpp, line 520]
Event: 29.154 Thread 0x0000020ce2335900 Exception <a 'java/lang/IncompatibleClassChangeError'{0x00000000eac1eac0}: Found class java.lang.Object, but interface was expected> (0x00000000eac1eac0) 
thrown [s\src\hotspot\share\interpreter\linkResolver.cpp, line 840]
Event: 30.057 Thread 0x0000020ce2335900 Exception <a 'java/lang/IncompatibleClassChangeError'{0x00000000eabd3628}: Found class java.lang.Object, but interface was expected> (0x00000000eabd3628) 
thrown [s\src\hotspot\share\interpreter\linkResolver.cpp, line 840]
Event: 30.062 Thread 0x0000020cda8bff50 Exception <a 'java/lang/NoSuchMethodError'{0x00000000eac44ca8}: 'java.lang.Object java.lang.invoke.DirectMethodHandle$Holder.invokeSpecial(java.lang.Object, java.lang.Object, java.lang.Object, java.lang.Object, int, java.lang.Object, java.lang.Object)'> (0x00000000eac44ca8) 
thrown [s\src\hotspot\share\interpreter\linkResolver.cpp, line 773]
Event: 30.106 Thread 0x0000020ce2335900 Exception <a 'java/lang/IncompatibleClassChangeError'{0x00000000eae10070}: Found class java.lang.Object, but interface was expected> (0x00000000eae10070) 
thrown [s\src\hotspot\share\interpreter\linkResolver.cpp, line 840]
Event: 30.111 Thread 0x0000020cda8be510 Exception <a 'java/lang/NoSuchMethodError'{0x00000000eabac670}: 'java.lang.Object java.lang.invoke.DirectMethodHandle$Holder.invokeStatic(java.lang.Object, int, int, java.lang.Object)'> (0x00000000eabac670) 
thrown [s\src\hotspot\share\interpreter\linkResolver.cpp, line 773]
Event: 30.146 Thread 0x0000020cda8c05e0 Exception <a 'java/lang/NoSuchMethodError'{0x00000000eabc3020}: 'java.lang.Object java.lang.invoke.DirectMethodHandle$Holder.newInvokeSpecial(java.lang.Object, java.lang.Object, java.lang.Object, java.lang.Object, java.lang.Object, java.lang.Object, java.lang.Object)'> (0x00000000eabc3020) 
thrown [s\src\hotspot\share\interpreter\linkResolver.cpp, line 773]
Event: 30.221 Thread 0x0000020cda8c05e0 Exception <a 'java/lang/ArrayIndexOutOfBoundsException'{0x00000000eab01180}: Index 2663 out of bounds for length 2663> (0x00000000eab01180) 
thrown [s\src\hotspot\share\interpreter\interpreterRuntime.cpp, line 439]
Event: 30.222 Thread 0x0000020cda8c05e0 Exception <a 'java/lang/ArrayIndexOutOfBoundsException'{0x00000000eab017a8}: Index 2663 out of bounds for length 2663> (0x00000000eab017a8) 
thrown [s\src\hotspot\share\interpreter\interpreterRuntime.cpp, line 439]
Event: 30.222 Thread 0x0000020cda8c05e0 Exception <a 'java/lang/ArrayIndexOutOfBoundsException'{0x00000000eab01b20}: Index 2664 out of bounds for length 2663> (0x00000000eab01b20) 
thrown [s\src\hotspot\share\interpreter\interpreterRuntime.cpp, line 439]
Event: 31.367 Thread 0x0000020cda8be510 Exception <a 'java/lang/ArrayIndexOutOfBoundsException'{0x00000000eab775e0}: Index 2664 out of bounds for length 2663> (0x00000000eab775e0) 
thrown [s\src\hotspot\share\interpreter\interpreterRuntime.cpp, line 439]

ZGC Phase Switch (0 events):
No events

VM Operations (20 events):
Event: 30.236 Executing VM operation: HandshakeAllThreads (Deoptimize)
Event: 30.237 Executing VM operation: HandshakeAllThreads (Deoptimize) done
Event: 30.245 Executing VM operation: ParallelGCFailedAllocation (Allocation Failure)
Event: 30.249 Executing VM operation: ParallelGCFailedAllocation (Allocation Failure) done
Event: 30.257 Executing VM operation: ParallelGCFailedAllocation (Allocation Failure)
Event: 31.275 Executing VM operation: ParallelGCFailedAllocation (Allocation Failure) done
Event: 31.282 Executing VM operation: ParallelGCFailedAllocation (Allocation Failure)
Event: 31.285 Executing VM operation: ParallelGCFailedAllocation (Allocation Failure) done
Event: 31.298 Executing VM operation: ParallelGCFailedAllocation (Allocation Failure)
Event: 31.302 Executing VM operation: ParallelGCFailedAllocation (Allocation Failure) done
Event: 31.315 Executing VM operation: ParallelGCFailedAllocation (Allocation Failure)
Event: 31.320 Executing VM operation: ParallelGCFailedAllocation (Allocation Failure) done
Event: 31.330 Executing VM operation: ParallelGCFailedAllocation (Allocation Failure)
Event: 31.336 Executing VM operation: ParallelGCFailedAllocation (Allocation Failure) done
Event: 31.361 Executing VM operation: ParallelGCFailedAllocation (Allocation Failure)
Event: 31.363 Executing VM operation: ParallelGCFailedAllocation (Allocation Failure) done
Event: 31.384 Executing VM operation: ParallelGCFailedAllocation (Allocation Failure)
Event: 31.387 Executing VM operation: ParallelGCFailedAllocation (Allocation Failure) done
Event: 31.395 Executing VM operation: ParallelGCFailedAllocation (Allocation Failure)
Event: 31.397 Executing VM operation: ParallelGCFailedAllocation (Allocation Failure) done

Memory protections (0 events):
No events

Nmethod flushes (20 events):
Event: 8.439 Thread 0x0000020c97ad3190 flushing  nmethod 0x0000020c87159d90
Event: 8.439 Thread 0x0000020c97ad3190 flushing  nmethod 0x0000020c87179b90
Event: 8.439 Thread 0x0000020c97ad3190 flushing  nmethod 0x0000020c8718e790
Event: 8.439 Thread 0x0000020c97ad3190 flushing  nmethod 0x0000020c87195f90
Event: 8.439 Thread 0x0000020c97ad3190 flushing  nmethod 0x0000020c87196310
Event: 8.439 Thread 0x0000020c97ad3190 flushing  nmethod 0x0000020c87197390
Event: 8.439 Thread 0x0000020c97ad3190 flushing  nmethod 0x0000020c871bb090
Event: 8.439 Thread 0x0000020c97ad3190 flushing  nmethod 0x0000020c871c4b10
Event: 8.439 Thread 0x0000020c97ad3190 flushing  nmethod 0x0000020c871c7390
Event: 8.439 Thread 0x0000020c97ad3190 flushing  nmethod 0x0000020c871e0910
Event: 8.439 Thread 0x0000020c97ad3190 flushing  nmethod 0x0000020c871e0d90
Event: 8.439 Thread 0x0000020c97ad3190 flushing  nmethod 0x0000020c871e2590
Event: 8.439 Thread 0x0000020c97ad3190 flushing  nmethod 0x0000020c871e2910
Event: 8.439 Thread 0x0000020c97ad3190 flushing  nmethod 0x0000020c871ee110
Event: 8.439 Thread 0x0000020c97ad3190 flushing  nmethod 0x0000020c8725ab90
Event: 8.439 Thread 0x0000020c97ad3190 flushing  nmethod 0x0000020c8726a910
Event: 8.439 Thread 0x0000020c97ad3190 flushing  nmethod 0x0000020c8726c410
Event: 8.439 Thread 0x0000020c97ad3190 flushing  nmethod 0x0000020c87273f90
Event: 8.439 Thread 0x0000020c97ad3190 flushing  nmethod 0x0000020c87274f10
Event: 8.439 Thread 0x0000020c97ad3190 flushing  nmethod 0x0000020c8727fa10

Events (20 events):
Event: 7.163 Thread 0x0000020cdfd40ed0 Thread added: 0x0000020ce0800070
Event: 7.191 Thread 0x0000020cdfd40ed0 Thread added: 0x0000020cda8bcad0
Event: 7.208 Thread 0x0000020cdfd40ed0 Thread added: 0x0000020cda8bb090
Event: 7.266 Thread 0x0000020cdfd40ed0 Thread added: 0x0000020cda8bbdb0
Event: 7.284 Thread 0x0000020cdfd40ed0 Thread added: 0x0000020cda8bd160
Event: 8.253 Thread 0x0000020cdfddb7b0 Thread exited: 0x0000020cdfddb7b0
Event: 8.503 Thread 0x0000020ce2335900 Thread added: 0x0000020cda8ba370
Event: 9.028 Thread 0x0000020ce2335900 Thread added: 0x0000020cda8c05e0
Event: 9.032 Thread 0x0000020cda8c05e0 Thread added: 0x0000020cda8be510
Event: 9.053 Thread 0x0000020cda8c05e0 Thread added: 0x0000020cda8c0c70
Event: 11.134 Thread 0x0000020ce017a6c0 Thread exited: 0x0000020ce017a6c0
Event: 11.134 Thread 0x0000020ce03673c0 Thread exited: 0x0000020ce03673c0
Event: 12.516 Thread 0x0000020c97af2420 Thread added: 0x0000020cdff62120
Event: 13.082 Thread 0x0000020ce2335900 Thread added: 0x0000020cda8bff50
Event: 13.084 Thread 0x0000020c97af2420 Thread added: 0x0000020cdff61380
Event: 13.428 Thread 0x0000020cda8c05e0 Thread added: 0x0000020ce3b7c4d0
Event: 18.784 Thread 0x0000020cdff61380 Thread exited: 0x0000020cdff61380
Event: 23.798 Thread 0x0000020cdff62120 Thread exited: 0x0000020cdff62120
Event: 28.659 Thread 0x0000020c97af2420 Thread added: 0x0000020cdff61380
Event: 28.660 Thread 0x0000020c97af2420 Thread added: 0x0000020cdff62120


Dynamic libraries:
0x00007ff6764e0000 - 0x00007ff6764ee000 	c:\Users\psclr\.vscode\extensions\redhat.java-1.42.0-win32-x64\jre\21.0.7-win32-x86_64\bin\java.exe
0x00007ff9b8180000 - 0x00007ff9b83e6000 	C:\WINDOWS\SYSTEM32\ntdll.dll
0x00007ff9b74d0000 - 0x00007ff9b7599000 	C:\WINDOWS\System32\KERNEL32.DLL
0x00007ff9b5310000 - 0x00007ff9b56dc000 	C:\WINDOWS\System32\KERNELBASE.dll
0x00007ff9b5980000 - 0x00007ff9b5acb000 	C:\WINDOWS\System32\ucrtbase.dll
0x00007ff9780d0000 - 0x00007ff9780ee000 	c:\Users\psclr\.vscode\extensions\redhat.java-1.42.0-win32-x64\jre\21.0.7-win32-x86_64\bin\VCRUNTIME140.dll
0x00007ff97a440000 - 0x00007ff97a458000 	c:\Users\psclr\.vscode\extensions\redhat.java-1.42.0-win32-x64\jre\21.0.7-win32-x86_64\bin\jli.dll
0x00007ff9b6350000 - 0x00007ff9b651a000 	C:\WINDOWS\System32\USER32.dll
0x00007ff993a70000 - 0x00007ff993d0a000 	C:\WINDOWS\WinSxS\amd64_microsoft.windows.common-controls_6595b64144ccf1df_6.0.26100.3912_none_3e07963ce335137e\COMCTL32.dll
0x00007ff9b5c50000 - 0x00007ff9b5c77000 	C:\WINDOWS\System32\win32u.dll
0x00007ff9b7790000 - 0x00007ff9b77bb000 	C:\WINDOWS\System32\GDI32.dll
0x00007ff9b6fe0000 - 0x00007ff9b7089000 	C:\WINDOWS\System32\msvcrt.dll
0x00007ff9b56e0000 - 0x00007ff9b5812000 	C:\WINDOWS\System32\gdi32full.dll
0x00007ff9b5e90000 - 0x00007ff9b5f33000 	C:\WINDOWS\System32\msvcp_win.dll
0x00007ff9b6630000 - 0x00007ff9b6660000 	C:\WINDOWS\System32\IMM32.DLL
0x00007ff990d00000 - 0x00007ff990d0c000 	c:\Users\psclr\.vscode\extensions\redhat.java-1.42.0-win32-x64\jre\21.0.7-win32-x86_64\bin\vcruntime140_1.dll
0x00007ff941080000 - 0x00007ff94110d000 	c:\Users\psclr\.vscode\extensions\redhat.java-1.42.0-win32-x64\jre\21.0.7-win32-x86_64\bin\msvcp140.dll
0x00007ff93f870000 - 0x00007ff940600000 	c:\Users\psclr\.vscode\extensions\redhat.java-1.42.0-win32-x64\jre\21.0.7-win32-x86_64\bin\server\jvm.dll
0x00007ff9b6570000 - 0x00007ff9b6622000 	C:\WINDOWS\System32\ADVAPI32.dll
0x00007ff9b7f70000 - 0x00007ff9b8016000 	C:\WINDOWS\System32\sechost.dll
0x00007ff9b8020000 - 0x00007ff9b8136000 	C:\WINDOWS\System32\RPCRT4.dll
0x00007ff9b7120000 - 0x00007ff9b7194000 	C:\WINDOWS\System32\WS2_32.dll
0x00007ff9b5180000 - 0x00007ff9b51de000 	C:\WINDOWS\SYSTEM32\POWRPROF.dll
0x00007ff9ab230000 - 0x00007ff9ab266000 	C:\WINDOWS\SYSTEM32\WINMM.dll
0x00007ff9adba0000 - 0x00007ff9adbab000 	C:\WINDOWS\SYSTEM32\VERSION.dll
0x00007ff9b5160000 - 0x00007ff9b5174000 	C:\WINDOWS\SYSTEM32\UMPDC.dll
0x00007ff9b4090000 - 0x00007ff9b40aa000 	C:\WINDOWS\SYSTEM32\kernel.appcore.dll
0x00007ff98cd70000 - 0x00007ff98cd7a000 	c:\Users\psclr\.vscode\extensions\redhat.java-1.42.0-win32-x64\jre\21.0.7-win32-x86_64\bin\jimage.dll
0x00007ff9b2a40000 - 0x00007ff9b2c81000 	C:\WINDOWS\SYSTEM32\DBGHELP.DLL
0x00007ff9b5f40000 - 0x00007ff9b62c4000 	C:\WINDOWS\System32\combase.dll
0x00007ff9b76a0000 - 0x00007ff9b7780000 	C:\WINDOWS\System32\OLEAUT32.dll
0x00007ff991750000 - 0x00007ff991789000 	C:\WINDOWS\SYSTEM32\dbgcore.DLL
0x00007ff9b58e0000 - 0x00007ff9b5979000 	C:\WINDOWS\System32\bcryptPrimitives.dll
0x00007ff98cd60000 - 0x00007ff98cd6f000 	c:\Users\psclr\.vscode\extensions\redhat.java-1.42.0-win32-x64\jre\21.0.7-win32-x86_64\bin\instrument.dll
0x00007ff98cd40000 - 0x00007ff98cd5f000 	c:\Users\psclr\.vscode\extensions\redhat.java-1.42.0-win32-x64\jre\21.0.7-win32-x86_64\bin\java.dll
0x00007ff9b68b0000 - 0x00007ff9b6fdd000 	C:\WINDOWS\System32\SHELL32.dll
0x00007ff9b5ad0000 - 0x00007ff9b5c44000 	C:\WINDOWS\System32\wintypes.dll
0x00007ff9b2f40000 - 0x00007ff9b3796000 	C:\WINDOWS\SYSTEM32\windows.storage.dll
0x00007ff9b7da0000 - 0x00007ff9b7e8f000 	C:\WINDOWS\System32\SHCORE.dll
0x00007ff9b7d30000 - 0x00007ff9b7d99000 	C:\WINDOWS\System32\shlwapi.dll
0x00007ff9b5220000 - 0x00007ff9b524f000 	C:\WINDOWS\SYSTEM32\profapi.dll
0x00007ff9afdd0000 - 0x00007ff9afde8000 	c:\Users\psclr\.vscode\extensions\redhat.java-1.42.0-win32-x64\jre\21.0.7-win32-x86_64\bin\zip.dll
0x00007ff9afdc0000 - 0x00007ff9afdd0000 	C:\Users\psclr\.vscode\extensions\redhat.java-1.42.0-win32-x64\jre\21.0.7-win32-x86_64\bin\net.dll
0x00007ff9aefc0000 - 0x00007ff9af0de000 	C:\WINDOWS\SYSTEM32\WINHTTP.dll
0x00007ff9b45f0000 - 0x00007ff9b465a000 	C:\WINDOWS\system32\mswsock.dll
0x00007ff9afda0000 - 0x00007ff9afdb6000 	C:\Users\psclr\.vscode\extensions\redhat.java-1.42.0-win32-x64\jre\21.0.7-win32-x86_64\bin\nio.dll
0x00007ff9afd90000 - 0x00007ff9afda0000 	c:\Users\psclr\.vscode\extensions\redhat.java-1.42.0-win32-x64\jre\21.0.7-win32-x86_64\bin\verify.dll
0x00007ff97b4c0000 - 0x00007ff97b505000 	C:\Users\psclr\AppData\Roaming\Code\User\globalStorage\redhat.java\1.42.0\config_win\org.eclipse.equinox.launcher\org.eclipse.equinox.launcher.win32.win32.x86_64_1.2.1300.v20250331-1702\eclipse_11911.dll
0x00007ff9b7320000 - 0x00007ff9b74bf000 	C:\WINDOWS\System32\ole32.dll
0x00007ff9b4880000 - 0x00007ff9b489c000 	C:\WINDOWS\SYSTEM32\CRYPTSP.dll
0x00007ff9b3ff0000 - 0x00007ff9b402a000 	C:\WINDOWS\system32\rsaenh.dll
0x00007ff9b4690000 - 0x00007ff9b46bb000 	C:\WINDOWS\SYSTEM32\USERENV.dll
0x00007ff9b51f0000 - 0x00007ff9b5216000 	C:\WINDOWS\SYSTEM32\bcrypt.dll
0x00007ff9b48a0000 - 0x00007ff9b48ac000 	C:\WINDOWS\SYSTEM32\CRYPTBASE.dll
0x00007ff9b3ab0000 - 0x00007ff9b3ae3000 	C:\WINDOWS\SYSTEM32\IPHLPAPI.DLL
0x00007ff9b7310000 - 0x00007ff9b731a000 	C:\WINDOWS\System32\NSI.dll
0x00007ff975de0000 - 0x00007ff975e29000 	C:\Users\psclr\AppData\Local\Temp\jna-106958918\jna1835548323626907643.dll
0x00007ff9b77c0000 - 0x00007ff9b77c8000 	C:\WINDOWS\System32\PSAPI.DLL
0x00007ff9af210000 - 0x00007ff9af22f000 	C:\WINDOWS\SYSTEM32\dhcpcsvc6.DLL
0x00007ff9af1e0000 - 0x00007ff9af205000 	C:\WINDOWS\SYSTEM32\dhcpcsvc.DLL
0x00007ff9b41c0000 - 0x00007ff9b41f5000 	C:\WINDOWS\SYSTEM32\ntmarta.dll

dbghelp: loaded successfully - version: 4.0.5 - missing functions: none
symbol engine: initialized successfully - sym options: 0x614 - pdb path: .;c:\Users\psclr\.vscode\extensions\redhat.java-1.42.0-win32-x64\jre\21.0.7-win32-x86_64\bin;C:\WINDOWS\SYSTEM32;C:\WINDOWS\WinSxS\amd64_microsoft.windows.common-controls_6595b64144ccf1df_6.0.26100.3912_none_3e07963ce335137e;c:\Users\psclr\.vscode\extensions\redhat.java-1.42.0-win32-x64\jre\21.0.7-win32-x86_64\bin\server;C:\Users\psclr\AppData\Roaming\Code\User\globalStorage\redhat.java\1.42.0\config_win\org.eclipse.equinox.launcher\org.eclipse.equinox.launcher.win32.win32.x86_64_1.2.1300.v20250331-1702;C:\Users\psclr\AppData\Local\Temp\jna-106958918

VM Arguments:
jvm_args: --add-modules=ALL-SYSTEM --add-opens=java.base/java.util=ALL-UNNAMED --add-opens=java.base/java.lang=ALL-UNNAMED --add-opens=java.base/sun.nio.fs=ALL-UNNAMED -Declipse.application=org.eclipse.jdt.ls.core.id1 -Dosgi.bundles.defaultStartLevel=4 -Declipse.product=org.eclipse.jdt.ls.core.product -Djava.import.generatesMetadataFilesAtProjectRoot=false -DDetectVMInstallationsJob.disabled=true -Dfile.encoding=utf8 -XX:+UseParallelGC -XX:GCTimeRatio=4 -XX:AdaptiveSizePolicyWeight=90 -Dsun.zip.disableMemoryMapping=true -Xmx1G -Xms100m -Xlog:disable -javaagent:c:\Users\psclr\.vscode\extensions\redhat.java-1.42.0-win32-x64\lombok\lombok-1.18.36.jar -XX:+HeapDumpOnOutOfMemoryError -XX:HeapDumpPath=c:\Users\psclr\AppData\Roaming\Code\User\workspaceStorage\30bef5088c7402914bde6299ce54c917\redhat.java -Daether.dependencyCollector.impl=bf 
java_command: c:\Users\psclr\.vscode\extensions\redhat.java-1.42.0-win32-x64\server\plugins\org.eclipse.equinox.launcher_1.7.0.v20250424-1814.jar -configuration c:\Users\psclr\AppData\Roaming\Code\User\globalStorage\redhat.java\1.42.0\config_win -data c:\Users\psclr\AppData\Roaming\Code\User\workspaceStorage\30bef5088c7402914bde6299ce54c917\redhat.java\jdt_ws --pipe=\\.\pipe\lsp-cbb327deb099ccd37601e56accb67c62-sock
java_class_path (initial): c:\Users\psclr\.vscode\extensions\redhat.java-1.42.0-win32-x64\server\plugins\org.eclipse.equinox.launcher_1.7.0.v20250424-1814.jar
Launcher Type: SUN_STANDARD

[Global flags]
    uintx AdaptiveSizePolicyWeight                 = 90                                        {product} {command line}
     intx CICompilerCount                          = 4                                         {product} {ergonomic}
    uintx GCTimeRatio                              = 4                                         {product} {command line}
     bool HeapDumpOnOutOfMemoryError               = true                                   {manageable} {command line}
    ccstr HeapDumpPath                             = c:\Users\psclr\AppData\Roaming\Code\User\workspaceStorage\30bef5088c7402914bde6299ce54c917\redhat.java         {manageable} {command line}
   size_t InitialHeapSize                          = 104857600                                 {product} {command line}
   size_t MaxHeapSize                              = 1073741824                                {product} {command line}
   size_t MaxNewSize                               = 357564416                                 {product} {ergonomic}
   size_t MinHeapDeltaBytes                        = 524288                                    {product} {ergonomic}
   size_t MinHeapSize                              = 104857600                                 {product} {command line}
   size_t NewSize                                  = 34603008                                  {product} {ergonomic}
    uintx NonNMethodCodeHeapSize                   = 5839372                                {pd product} {ergonomic}
    uintx NonProfiledCodeHeapSize                  = 122909434                              {pd product} {ergonomic}
   size_t OldSize                                  = 70254592                                  {product} {ergonomic}
    uintx ProfiledCodeHeapSize                     = 122909434                              {pd product} {ergonomic}
    uintx ReservedCodeCacheSize                    = 251658240                              {pd product} {ergonomic}
     bool SegmentedCodeCache                       = true                                      {product} {ergonomic}
   size_t SoftMaxHeapSize                          = 1073741824                             {manageable} {ergonomic}
     bool UseCompressedOops                        = true                           {product lp64_product} {ergonomic}
     bool UseLargePagesIndividualAllocation        = false                                  {pd product} {ergonomic}
     bool UseParallelGC                            = true                                      {product} {command line}

Logging:
Log output configuration:
 #0: stdout all=off uptime,level,tags foldmultilines=false
 #1: stderr all=off uptime,level,tags foldmultilines=false

Environment Variables:
JAVA_HOME=C:\Users\psclr\.jdks\openjdk-23.0.2
PATH=C:\Program Files\Common Files\Oracle\Java\javapath;C:\ProgramData\Oracle\Java\javapath;C:\windows\system32;C:\windows;C:\windows\System32\Wbem;C:\windows\System32\WindowsPowerShell\v1.0\;C:\windows\System32\OpenSSH\;C:\Program Files (x86)\Windows Kits\10\Windows Performance Toolkit\;C:\Program Files\HP\HP One Agent;C:\Program Files\WorldPainter;C:\ProgramData\chocolatey\bin;C:\Program Files\Docker\Docker\resources\bin;C:\Program Files\Git\cmd;C:\WINDOWS\system32;C:\WINDOWS;C:\WINDOWS\System32\Wbem;C:\WINDOWS\System32\WindowsPowerShell\v1.0\;C:\WINDOWS\System32\OpenSSH\;C:\Users\psclr\AppData\Local\Programs\Python\Launcher\;C:\Users\psclr\AppData\Local\Microsoft\WindowsApps;C:\Users\psclr\AppData\Local\Programs\Microsoft VS Code\bin;C:\MinGW\bin;C:\Program Files\CLion 2023.2.2\bin;;C:\Users\psclr\FEUP\ES\flutter\bin;C:\ghcup\bin;C:\Users\psclr\AppData\Roaming\cabal\bin;C:\tools\ghc-9.8.2\bin;C:\tools\msys64;C:\msys64\mingw64\bin;C:\GnuWin32\bin;C:\user\local\bin\composer;C:\Program Files\swipl\bin;C:\Program Files\SICStus Prolog VC16 4.9.0\bin;C:\Users\psclr\.jdks\openjdk-23.0.2\bin;C:\Users\psclr\AppData\Local\Programs\Python\Python313\;C:\Users\psclr\AppData\Local\Programs\Python\Python313\Scripts\;
USERNAME=psclr
OS=Windows_NT
PROCESSOR_IDENTIFIER=Intel64 Family 6 Model 140 Stepping 1, GenuineIntel
TMP=C:\Users\psclr\AppData\Local\Temp
TEMP=C:\Users\psclr\AppData\Local\Temp




Periodic native trim disabled

---------------  S Y S T E M  ---------------

OS:
 Windows 11 , 64 bit Build 26100 (10.0.26100.3912)
OS uptime: 0 days 2:04 hours
Hyper-V role detected

CPU: total 8 (initial active 8) (4 cores per cpu, 2 threads per core) family 6 model 140 stepping 1 microcode 0xb8, cx8, cmov, fxsr, ht, mmx, 3dnowpref, sse, sse2, sse3, ssse3, sse4.1, sse4.2, popcnt, lzcnt, tsc, tscinvbit, avx, avx2, aes, erms, clmul, bmi1, bmi2, adx, avx512f, avx512dq, avx512cd, avx512bw, avx512vl, sha, fma, vzeroupper, avx512_vpopcntdq, avx512_vpclmulqdq, avx512_vaes, avx512_vnni, clflush, clflushopt, clwb, avx512_vbmi2, avx512_vbmi, hv, rdtscp, rdpid, fsrm, gfni, avx512_bitalg, f16c, cet_ibt, cet_ss, avx512_ifma
Processor Information for the first 8 processors :
  Max Mhz: 2419, Current Mhz: 2419, Mhz Limit: 2419

Memory: 4k page, system-wide physical 12044M (582M free)
TotalPageFile size 16140M (AvailPageFile size 14M)
current process WorkingSet (physical memory assigned to process): 808M, peak: 817M
current process commit charge ("private bytes"): 720M, peak: 734M

vm_info: OpenJDK 64-Bit Server VM (21.0.7+6-LTS) for windows-amd64 JRE (21.0.7+6-LTS), built on 2025-04-15T00:00:00Z by "admin" with MS VC++ 17.7 (VS2022)

END.
